running egg_info
creating ../../build/Task4/Task4.egg-info
writing ../../build/Task4/Task4.egg-info/PKG-INFO
writing dependency_links to ../../build/Task4/Task4.egg-info/dependency_links.txt
writing entry points to ../../build/Task4/Task4.egg-info/entry_points.txt
writing requirements to ../../build/Task4/Task4.egg-info/requires.txt
writing top-level names to ../../build/Task4/Task4.egg-info/top_level.txt
writing manifest file '../../build/Task4/Task4.egg-info/SOURCES.txt'
reading manifest file '../../build/Task4/Task4.egg-info/SOURCES.txt'
writing manifest file '../../build/Task4/Task4.egg-info/SOURCES.txt'
running build
running build_py
creating /home/hasanakhiar/Codes/ProjectAltair-Recruitment/Week 3/ROS/build/Task4/build
creating /home/hasanakhiar/Codes/ProjectAltair-Recruitment/Week 3/ROS/build/Task4/build/lib
creating /home/hasanakhiar/Codes/ProjectAltair-Recruitment/Week 3/ROS/build/Task4/build/lib/Task4
copying Task4/video_subscriber.py -> /home/hasanakhiar/Codes/ProjectAltair-Recruitment/Week 3/ROS/build/Task4/build/lib/Task4
copying Task4/__init__.py -> /home/hasanakhiar/Codes/ProjectAltair-Recruitment/Week 3/ROS/build/Task4/build/lib/Task4
copying Task4/video_publisher.py -> /home/hasanakhiar/Codes/ProjectAltair-Recruitment/Week 3/ROS/build/Task4/build/lib/Task4
running install
running install_lib
creating /home/hasanakhiar/Codes/ProjectAltair-Recruitment/Week 3/ROS/install/Task4/lib/python3.12/site-packages/Task4
copying /home/hasanakhiar/Codes/ProjectAltair-Recruitment/Week 3/ROS/build/Task4/build/lib/Task4/video_subscriber.py -> /home/hasanakhiar/Codes/ProjectAltair-Recruitment/Week 3/ROS/install/Task4/lib/python3.12/site-packages/Task4
copying /home/hasanakhiar/Codes/ProjectAltair-Recruitment/Week 3/ROS/build/Task4/build/lib/Task4/__init__.py -> /home/hasanakhiar/Codes/ProjectAltair-Recruitment/Week 3/ROS/install/Task4/lib/python3.12/site-packages/Task4
copying /home/hasanakhiar/Codes/ProjectAltair-Recruitment/Week 3/ROS/build/Task4/build/lib/Task4/video_publisher.py -> /home/hasanakhiar/Codes/ProjectAltair-Recruitment/Week 3/ROS/install/Task4/lib/python3.12/site-packages/Task4
byte-compiling /home/hasanakhiar/Codes/ProjectAltair-Recruitment/Week 3/ROS/install/Task4/lib/python3.12/site-packages/Task4/video_subscriber.py to video_subscriber.cpython-312.pyc
byte-compiling /home/hasanakhiar/Codes/ProjectAltair-Recruitment/Week 3/ROS/install/Task4/lib/python3.12/site-packages/Task4/__init__.py to __init__.cpython-312.pyc
byte-compiling /home/hasanakhiar/Codes/ProjectAltair-Recruitment/Week 3/ROS/install/Task4/lib/python3.12/site-packages/Task4/video_publisher.py to video_publisher.cpython-312.pyc
running install_data
creating /home/hasanakhiar/Codes/ProjectAltair-Recruitment/Week 3/ROS/install/Task4/share/ament_index
creating /home/hasanakhiar/Codes/ProjectAltair-Recruitment/Week 3/ROS/install/Task4/share/ament_index/resource_index
creating /home/hasanakhiar/Codes/ProjectAltair-Recruitment/Week 3/ROS/install/Task4/share/ament_index/resource_index/packages
copying resource/Task4 -> /home/hasanakhiar/Codes/ProjectAltair-Recruitment/Week 3/ROS/install/Task4/share/ament_index/resource_index/packages
copying package.xml -> /home/hasanakhiar/Codes/ProjectAltair-Recruitment/Week 3/ROS/install/Task4/share/Task4
running install_egg_info
Copying ../../build/Task4/Task4.egg-info to /home/hasanakhiar/Codes/ProjectAltair-Recruitment/Week 3/ROS/install/Task4/lib/python3.12/site-packages/Task4-0.0.0-py3.12.egg-info
running install_scripts
Installing video_publisher script to /home/hasanakhiar/Codes/ProjectAltair-Recruitment/Week 3/ROS/install/Task4/lib/Task4
Installing video_subscriber script to /home/hasanakhiar/Codes/ProjectAltair-Recruitment/Week 3/ROS/install/Task4/lib/Task4
writing list of installed files to '/home/hasanakhiar/Codes/ProjectAltair-Recruitment/Week 3/ROS/build/Task4/install.log'
