[0.158s] DEBUG:colcon:Command line arguments: ['/usr/bin/colcon', 'build', '--packages-select', 'Task4']
[0.158s] DEBUG:colcon:Parsed command line arguments: Namespace(log_base=None, log_level=None, verb_name='build', build_base='build', install_base='install', merge_install=False, symlink_install=False, test_result_base=None, continue_on_error=False, executor='parallel', parallel_workers=4, event_handlers=None, ignore_user_meta=False, metas=['./colcon.meta'], base_paths=['.'], packages_ignore=None, packages_ignore_regex=None, paths=None, packages_up_to=None, packages_up_to_regex=None, packages_above=None, packages_above_and_dependencies=None, packages_above_depth=None, packages_select_by_dep=None, packages_skip_by_dep=None, packages_skip_up_to=None, packages_select_build_failed=False, packages_skip_build_finished=False, packages_select_test_failures=False, packages_skip_test_passed=False, packages_select=['Task4'], packages_skip=None, packages_select_regex=None, packages_skip_regex=None, packages_start=None, packages_end=None, cmake_args=None, cmake_target=None, cmake_target_skip_unavailable=False, cmake_clean_cache=False, cmake_clean_first=False, cmake_force_configure=False, ament_cmake_args=None, catkin_cmake_args=None, catkin_skip_building_tests=False, verb_parser=<colcon_defaults.argument_parser.defaults.DefaultArgumentsDecorator object at 0x71bcfa9fb800>, verb_extension=<colcon_core.verb.build.BuildVerb object at 0x71bcfa9fb3e0>, main=<bound method BuildVerb.main of <colcon_core.verb.build.BuildVerb object at 0x71bcfa9fb3e0>>)
[0.226s] Level 1:colcon.colcon_core.package_discovery:discover_packages(colcon_meta) check parameters
[0.227s] Level 1:colcon.colcon_core.package_discovery:discover_packages(recursive) check parameters
[0.227s] Level 1:colcon.colcon_core.package_discovery:discover_packages(ignore) check parameters
[0.227s] Level 1:colcon.colcon_core.package_discovery:discover_packages(path) check parameters
[0.227s] Level 1:colcon.colcon_core.package_discovery:discover_packages(colcon_meta) discover
[0.227s] Level 1:colcon.colcon_core.package_discovery:discover_packages(recursive) discover
[0.227s] INFO:colcon.colcon_core.package_discovery:Crawling recursively for packages in '/home/hasanakhiar/Codes/ProjectAltair-Recruitment/Week 3/ROS'
[0.227s] Level 1:colcon.colcon_core.package_identification:_identify(.) by extensions ['ignore', 'ignore_ament_install']
[0.227s] Level 1:colcon.colcon_core.package_identification:_identify(.) by extension 'ignore'
[0.227s] Level 1:colcon.colcon_core.package_identification:_identify(.) by extension 'ignore_ament_install'
[0.227s] Level 1:colcon.colcon_core.package_identification:_identify(.) by extensions ['colcon_pkg']
[0.227s] Level 1:colcon.colcon_core.package_identification:_identify(.) by extension 'colcon_pkg'
[0.227s] Level 1:colcon.colcon_core.package_identification:_identify(.) by extensions ['colcon_meta']
[0.227s] Level 1:colcon.colcon_core.package_identification:_identify(.) by extension 'colcon_meta'
[0.227s] Level 1:colcon.colcon_core.package_identification:_identify(.) by extensions ['ros']
[0.227s] Level 1:colcon.colcon_core.package_identification:_identify(.) by extension 'ros'
[0.258s] Level 1:colcon.colcon_core.package_identification:_identify(.) by extensions ['cmake', 'python']
[0.258s] Level 1:colcon.colcon_core.package_identification:_identify(.) by extension 'cmake'
[0.258s] Level 1:colcon.colcon_core.package_identification:_identify(.) by extension 'python'
[0.258s] Level 1:colcon.colcon_core.package_identification:_identify(.) by extensions ['python_setup_py']
[0.258s] Level 1:colcon.colcon_core.package_identification:_identify(.) by extension 'python_setup_py'
[0.259s] Level 1:colcon.colcon_core.package_identification:_identify(build) by extensions ['ignore', 'ignore_ament_install']
[0.259s] Level 1:colcon.colcon_core.package_identification:_identify(build) by extension 'ignore'
[0.259s] Level 1:colcon.colcon_core.package_identification:_identify(build) ignored
[0.259s] Level 1:colcon.colcon_core.package_identification:_identify(install) by extensions ['ignore', 'ignore_ament_install']
[0.259s] Level 1:colcon.colcon_core.package_identification:_identify(install) by extension 'ignore'
[0.259s] Level 1:colcon.colcon_core.package_identification:_identify(install) ignored
[0.259s] Level 1:colcon.colcon_core.package_identification:_identify(log) by extensions ['ignore', 'ignore_ament_install']
[0.259s] Level 1:colcon.colcon_core.package_identification:_identify(log) by extension 'ignore'
[0.259s] Level 1:colcon.colcon_core.package_identification:_identify(log) ignored
[0.259s] Level 1:colcon.colcon_core.package_identification:_identify(src) by extensions ['ignore', 'ignore_ament_install']
[0.260s] Level 1:colcon.colcon_core.package_identification:_identify(src) by extension 'ignore'
[0.260s] Level 1:colcon.colcon_core.package_identification:_identify(src) by extension 'ignore_ament_install'
[0.260s] Level 1:colcon.colcon_core.package_identification:_identify(src) by extensions ['colcon_pkg']
[0.260s] Level 1:colcon.colcon_core.package_identification:_identify(src) by extension 'colcon_pkg'
[0.260s] Level 1:colcon.colcon_core.package_identification:_identify(src) by extensions ['colcon_meta']
[0.260s] Level 1:colcon.colcon_core.package_identification:_identify(src) by extension 'colcon_meta'
[0.260s] Level 1:colcon.colcon_core.package_identification:_identify(src) by extensions ['ros']
[0.260s] Level 1:colcon.colcon_core.package_identification:_identify(src) by extension 'ros'
[0.260s] Level 1:colcon.colcon_core.package_identification:_identify(src) by extensions ['cmake', 'python']
[0.260s] Level 1:colcon.colcon_core.package_identification:_identify(src) by extension 'cmake'
[0.260s] Level 1:colcon.colcon_core.package_identification:_identify(src) by extension 'python'
[0.260s] Level 1:colcon.colcon_core.package_identification:_identify(src) by extensions ['python_setup_py']
[0.260s] Level 1:colcon.colcon_core.package_identification:_identify(src) by extension 'python_setup_py'
[0.260s] Level 1:colcon.colcon_core.package_identification:_identify(src/Task1) by extensions ['ignore', 'ignore_ament_install']
[0.260s] Level 1:colcon.colcon_core.package_identification:_identify(src/Task1) by extension 'ignore'
[0.261s] Level 1:colcon.colcon_core.package_identification:_identify(src/Task1) by extension 'ignore_ament_install'
[0.261s] Level 1:colcon.colcon_core.package_identification:_identify(src/Task1) by extensions ['colcon_pkg']
[0.261s] Level 1:colcon.colcon_core.package_identification:_identify(src/Task1) by extension 'colcon_pkg'
[0.261s] Level 1:colcon.colcon_core.package_identification:_identify(src/Task1) by extensions ['colcon_meta']
[0.261s] Level 1:colcon.colcon_core.package_identification:_identify(src/Task1) by extension 'colcon_meta'
[0.261s] Level 1:colcon.colcon_core.package_identification:_identify(src/Task1) by extensions ['ros']
[0.261s] Level 1:colcon.colcon_core.package_identification:_identify(src/Task1) by extension 'ros'
[0.265s] DEBUG:colcon.colcon_core.package_identification:Package 'src/Task1' with type 'ros.ament_python' and name 'Task1'
[0.265s] Level 1:colcon.colcon_core.package_identification:_identify(src/Task2) by extensions ['ignore', 'ignore_ament_install']
[0.265s] Level 1:colcon.colcon_core.package_identification:_identify(src/Task2) by extension 'ignore'
[0.265s] Level 1:colcon.colcon_core.package_identification:_identify(src/Task2) by extension 'ignore_ament_install'
[0.265s] Level 1:colcon.colcon_core.package_identification:_identify(src/Task2) by extensions ['colcon_pkg']
[0.265s] Level 1:colcon.colcon_core.package_identification:_identify(src/Task2) by extension 'colcon_pkg'
[0.265s] Level 1:colcon.colcon_core.package_identification:_identify(src/Task2) by extensions ['colcon_meta']
[0.265s] Level 1:colcon.colcon_core.package_identification:_identify(src/Task2) by extension 'colcon_meta'
[0.266s] Level 1:colcon.colcon_core.package_identification:_identify(src/Task2) by extensions ['ros']
[0.266s] Level 1:colcon.colcon_core.package_identification:_identify(src/Task2) by extension 'ros'
[0.266s] DEBUG:colcon.colcon_core.package_identification:Package 'src/Task2' with type 'ros.ament_python' and name 'Task2'
[0.266s] Level 1:colcon.colcon_core.package_identification:_identify(src/Task4) by extensions ['ignore', 'ignore_ament_install']
[0.266s] Level 1:colcon.colcon_core.package_identification:_identify(src/Task4) by extension 'ignore'
[0.266s] Level 1:colcon.colcon_core.package_identification:_identify(src/Task4) by extension 'ignore_ament_install'
[0.267s] Level 1:colcon.colcon_core.package_identification:_identify(src/Task4) by extensions ['colcon_pkg']
[0.267s] Level 1:colcon.colcon_core.package_identification:_identify(src/Task4) by extension 'colcon_pkg'
[0.267s] Level 1:colcon.colcon_core.package_identification:_identify(src/Task4) by extensions ['colcon_meta']
[0.267s] Level 1:colcon.colcon_core.package_identification:_identify(src/Task4) by extension 'colcon_meta'
[0.267s] Level 1:colcon.colcon_core.package_identification:_identify(src/Task4) by extensions ['ros']
[0.267s] Level 1:colcon.colcon_core.package_identification:_identify(src/Task4) by extension 'ros'
[0.267s] DEBUG:colcon.colcon_core.package_identification:Package 'src/Task4' with type 'ros.ament_python' and name 'Task4'
[0.267s] Level 1:colcon.colcon_core.package_discovery:discover_packages(recursive) using defaults
[0.267s] Level 1:colcon.colcon_core.package_discovery:discover_packages(ignore) discover
[0.268s] Level 1:colcon.colcon_core.package_discovery:discover_packages(ignore) using defaults
[0.268s] Level 1:colcon.colcon_core.package_discovery:discover_packages(path) discover
[0.268s] Level 1:colcon.colcon_core.package_discovery:discover_packages(path) using defaults
[0.294s] INFO:colcon.colcon_core.package_selection:Skipping not selected package 'Task1' in 'src/Task1'
[0.294s] INFO:colcon.colcon_core.package_selection:Skipping not selected package 'Task2' in 'src/Task2'
[0.295s] Level 5:colcon.colcon_core.verb:set package 'Task4' build argument 'cmake_args' from command line to 'None'
[0.295s] Level 5:colcon.colcon_core.verb:set package 'Task4' build argument 'cmake_target' from command line to 'None'
[0.295s] Level 5:colcon.colcon_core.verb:set package 'Task4' build argument 'cmake_target_skip_unavailable' from command line to 'False'
[0.295s] Level 5:colcon.colcon_core.verb:set package 'Task4' build argument 'cmake_clean_cache' from command line to 'False'
[0.295s] Level 5:colcon.colcon_core.verb:set package 'Task4' build argument 'cmake_clean_first' from command line to 'False'
[0.295s] Level 5:colcon.colcon_core.verb:set package 'Task4' build argument 'cmake_force_configure' from command line to 'False'
[0.295s] Level 5:colcon.colcon_core.verb:set package 'Task4' build argument 'ament_cmake_args' from command line to 'None'
[0.295s] Level 5:colcon.colcon_core.verb:set package 'Task4' build argument 'catkin_cmake_args' from command line to 'None'
[0.295s] Level 5:colcon.colcon_core.verb:set package 'Task4' build argument 'catkin_skip_building_tests' from command line to 'False'
[0.295s] DEBUG:colcon.colcon_core.verb:Building package 'Task4' with the following arguments: {'ament_cmake_args': None, 'build_base': '/home/hasanakhiar/Codes/ProjectAltair-Recruitment/Week 3/ROS/build/Task4', 'catkin_cmake_args': None, 'catkin_skip_building_tests': False, 'cmake_args': None, 'cmake_clean_cache': False, 'cmake_clean_first': False, 'cmake_force_configure': False, 'cmake_target': None, 'cmake_target_skip_unavailable': False, 'install_base': '/home/hasanakhiar/Codes/ProjectAltair-Recruitment/Week 3/ROS/install/Task4', 'merge_install': False, 'path': '/home/hasanakhiar/Codes/ProjectAltair-Recruitment/Week 3/ROS/src/Task4', 'symlink_install': False, 'test_result_base': None}
[0.295s] INFO:colcon.colcon_core.executor:Executing jobs using 'parallel' executor
[0.296s] DEBUG:colcon.colcon_parallel_executor.executor.parallel:run_until_complete
[0.296s] INFO:colcon.colcon_ros.task.ament_python.build:Building ROS package in '/home/hasanakhiar/Codes/ProjectAltair-Recruitment/Week 3/ROS/src/Task4' with build type 'ament_python'
[0.297s] Level 1:colcon.colcon_core.shell:create_environment_hook('Task4', 'ament_prefix_path')
[0.301s] INFO:colcon.colcon_core.plugin_system:Skipping extension 'colcon_core.shell.bat': Not used on non-Windows systems
[0.301s] INFO:colcon.colcon_core.shell:Creating environment descriptor '/home/hasanakhiar/Codes/ProjectAltair-Recruitment/Week 3/ROS/install/Task4/share/Task4/hook/ament_prefix_path.dsv'
[0.302s] INFO:colcon.colcon_core.shell:Creating environment hook '/home/hasanakhiar/Codes/ProjectAltair-Recruitment/Week 3/ROS/install/Task4/share/Task4/hook/ament_prefix_path.sh'
[0.303s] DEBUG:colcon.colcon_core.shell:Skip shell extension 'dsv' for command environment
[0.605s] INFO:colcon.colcon_core.task.python.build:Building Python package in '/home/hasanakhiar/Codes/ProjectAltair-Recruitment/Week 3/ROS/src/Task4'
[0.605s] DEBUG:colcon.colcon_core.shell:Skip shell extension 'dsv' for command environment
[1.532s] DEBUG:colcon.colcon_core.event_handler.log_command:Invoking command in '/home/hasanakhiar/Codes/ProjectAltair-Recruitment/Week 3/ROS/src/Task4': PYTHONPATH=/home/hasanakhiar/Codes/ProjectAltair-Recruitment/Week 3/ROS/build/Task4/prefix_override:/usr/lib/python3/dist-packages/colcon_core/task/python/colcon_distutils_commands:/home/hasanakhiar/Codes/ProjectAltair-Recruitment/Week 3/ROS/install/Task4/lib/python3.12/site-packages:${PYTHONPATH} /usr/bin/python3 -W ignore:setup.py install is deprecated -W ignore:easy_install command is deprecated setup.py egg_info --egg-base ../../build/Task4 build --build-base /home/hasanakhiar/Codes/ProjectAltair-Recruitment/Week 3/ROS/build/Task4/build install --record /home/hasanakhiar/Codes/ProjectAltair-Recruitment/Week 3/ROS/build/Task4/install.log --single-version-externally-managed install_data
[2.227s] DEBUG:colcon.colcon_core.event_handler.log_command:Invoked command in '/home/hasanakhiar/Codes/ProjectAltair-Recruitment/Week 3/ROS/src/Task4' returned '0': PYTHONPATH=/home/hasanakhiar/Codes/ProjectAltair-Recruitment/Week 3/ROS/build/Task4/prefix_override:/usr/lib/python3/dist-packages/colcon_core/task/python/colcon_distutils_commands:/home/hasanakhiar/Codes/ProjectAltair-Recruitment/Week 3/ROS/install/Task4/lib/python3.12/site-packages:${PYTHONPATH} /usr/bin/python3 -W ignore:setup.py install is deprecated -W ignore:easy_install command is deprecated setup.py egg_info --egg-base ../../build/Task4 build --build-base /home/hasanakhiar/Codes/ProjectAltair-Recruitment/Week 3/ROS/build/Task4/build install --record /home/hasanakhiar/Codes/ProjectAltair-Recruitment/Week 3/ROS/build/Task4/install.log --single-version-externally-managed install_data
[2.237s] Level 1:colcon.colcon_core.environment:checking '/home/hasanakhiar/Codes/ProjectAltair-Recruitment/Week 3/ROS/install/Task4' for CMake module files
[2.238s] Level 1:colcon.colcon_core.environment:checking '/home/hasanakhiar/Codes/ProjectAltair-Recruitment/Week 3/ROS/install/Task4' for CMake config files
[2.238s] Level 1:colcon.colcon_core.environment:checking '/home/hasanakhiar/Codes/ProjectAltair-Recruitment/Week 3/ROS/install/Task4/lib'
[2.238s] Level 1:colcon.colcon_core.environment:checking '/home/hasanakhiar/Codes/ProjectAltair-Recruitment/Week 3/ROS/install/Task4/bin'
[2.238s] Level 1:colcon.colcon_core.environment:checking '/home/hasanakhiar/Codes/ProjectAltair-Recruitment/Week 3/ROS/install/Task4/lib/pkgconfig/Task4.pc'
[2.239s] Level 1:colcon.colcon_core.environment:checking '/home/hasanakhiar/Codes/ProjectAltair-Recruitment/Week 3/ROS/install/Task4/lib/python3.12/site-packages'
[2.239s] Level 1:colcon.colcon_core.shell:create_environment_hook('Task4', 'pythonpath')
[2.239s] INFO:colcon.colcon_core.shell:Creating environment descriptor '/home/hasanakhiar/Codes/ProjectAltair-Recruitment/Week 3/ROS/install/Task4/share/Task4/hook/pythonpath.dsv'
[2.240s] INFO:colcon.colcon_core.shell:Creating environment hook '/home/hasanakhiar/Codes/ProjectAltair-Recruitment/Week 3/ROS/install/Task4/share/Task4/hook/pythonpath.sh'
[2.240s] Level 1:colcon.colcon_core.environment:checking '/home/hasanakhiar/Codes/ProjectAltair-Recruitment/Week 3/ROS/install/Task4/bin'
[2.240s] Level 1:colcon.colcon_core.environment:create_environment_scripts_only(Task4)
[2.241s] INFO:colcon.colcon_core.shell:Creating package descriptor '/home/hasanakhiar/Codes/ProjectAltair-Recruitment/Week 3/ROS/install/Task4/share/Task4/package.dsv'
[2.241s] INFO:colcon.colcon_core.shell:Creating package script '/home/hasanakhiar/Codes/ProjectAltair-Recruitment/Week 3/ROS/install/Task4/share/Task4/package.sh'
[2.242s] INFO:colcon.colcon_core.shell:Creating package script '/home/hasanakhiar/Codes/ProjectAltair-Recruitment/Week 3/ROS/install/Task4/share/Task4/package.bash'
[2.243s] INFO:colcon.colcon_core.shell:Creating package script '/home/hasanakhiar/Codes/ProjectAltair-Recruitment/Week 3/ROS/install/Task4/share/Task4/package.zsh'
[2.244s] Level 1:colcon.colcon_core.environment:create_file_with_runtime_dependencies(/home/hasanakhiar/Codes/ProjectAltair-Recruitment/Week 3/ROS/install/Task4/share/colcon-core/packages/Task4)
[2.244s] DEBUG:colcon.colcon_parallel_executor.executor.parallel:closing loop
[2.244s] DEBUG:colcon.colcon_parallel_executor.executor.parallel:loop closed
[2.245s] DEBUG:colcon.colcon_parallel_executor.executor.parallel:run_until_complete finished with '0'
[2.245s] DEBUG:colcon.colcon_core.event_reactor:joining thread
[2.251s] INFO:colcon.colcon_core.plugin_system:Skipping extension 'colcon_notification.desktop_notification.terminal_notifier': Not used on non-Darwin systems
[2.251s] INFO:colcon.colcon_core.plugin_system:Skipping extension 'colcon_notification.desktop_notification.win32': Not used on non-Windows systems
[2.251s] INFO:colcon.colcon_notification.desktop_notification:Sending desktop notification using 'notify2'
[2.286s] DEBUG:colcon.colcon_core.event_reactor:joined thread
[2.286s] INFO:colcon.colcon_core.shell:Creating prefix script '/home/hasanakhiar/Codes/ProjectAltair-Recruitment/Week 3/ROS/install/local_setup.sh'
[2.288s] INFO:colcon.colcon_core.shell:Creating prefix util module '/home/hasanakhiar/Codes/ProjectAltair-Recruitment/Week 3/ROS/install/_local_setup_util_sh.py'
[2.291s] INFO:colcon.colcon_core.shell:Creating prefix chain script '/home/hasanakhiar/Codes/ProjectAltair-Recruitment/Week 3/ROS/install/setup.sh'
[2.292s] INFO:colcon.colcon_core.shell:Creating prefix script '/home/hasanakhiar/Codes/ProjectAltair-Recruitment/Week 3/ROS/install/local_setup.bash'
[2.294s] INFO:colcon.colcon_core.shell:Creating prefix chain script '/home/hasanakhiar/Codes/ProjectAltair-Recruitment/Week 3/ROS/install/setup.bash'
[2.297s] INFO:colcon.colcon_core.shell:Creating prefix script '/home/hasanakhiar/Codes/ProjectAltair-Recruitment/Week 3/ROS/install/local_setup.zsh'
[2.299s] INFO:colcon.colcon_core.shell:Creating prefix chain script '/home/hasanakhiar/Codes/ProjectAltair-Recruitment/Week 3/ROS/install/setup.zsh'
