running egg_info
creating ../build/Task1/Task1.egg-info
writing ../build/Task1/Task1.egg-info/PKG-INFO
writing dependency_links to ../build/Task1/Task1.egg-info/dependency_links.txt
writing entry points to ../build/Task1/Task1.egg-info/entry_points.txt
writing requirements to ../build/Task1/Task1.egg-info/requires.txt
writing top-level names to ../build/Task1/Task1.egg-info/top_level.txt
writing manifest file '../build/Task1/Task1.egg-info/SOURCES.txt'
reading manifest file '../build/Task1/Task1.egg-info/SOURCES.txt'
writing manifest file '../build/Task1/Task1.egg-info/SOURCES.txt'
running build
running build_py
creating /home/hasanakhiar/Codes/ProjectAltair-Recruitment/Week 3/ROS/build/Task1/build
creating /home/hasanakhiar/Codes/ProjectAltair-Recruitment/Week 3/ROS/build/Task1/build/lib
creating /home/hasanakhiar/Codes/ProjectAltair-Recruitment/Week 3/ROS/build/Task1/build/lib/Task1
copying Task1/subscriber.py -> /home/hasanakhiar/Codes/ProjectAltair-Recruitment/Week 3/ROS/build/Task1/build/lib/Task1
copying Task1/__init__.py -> /home/hasanakhiar/Codes/ProjectAltair-Recruitment/Week 3/ROS/build/Task1/build/lib/Task1
copying Task1/publisher.py -> /home/hasanakhiar/Codes/ProjectAltair-Recruitment/Week 3/ROS/build/Task1/build/lib/Task1
running install
running install_lib
creating /home/hasanakhiar/Codes/ProjectAltair-Recruitment/Week 3/ROS/install/Task1/lib/python3.12/site-packages/Task1
copying /home/hasanakhiar/Codes/ProjectAltair-Recruitment/Week 3/ROS/build/Task1/build/lib/Task1/subscriber.py -> /home/hasanakhiar/Codes/ProjectAltair-Recruitment/Week 3/ROS/install/Task1/lib/python3.12/site-packages/Task1
copying /home/hasanakhiar/Codes/ProjectAltair-Recruitment/Week 3/ROS/build/Task1/build/lib/Task1/__init__.py -> /home/hasanakhiar/Codes/ProjectAltair-Recruitment/Week 3/ROS/install/Task1/lib/python3.12/site-packages/Task1
copying /home/hasanakhiar/Codes/ProjectAltair-Recruitment/Week 3/ROS/build/Task1/build/lib/Task1/publisher.py -> /home/hasanakhiar/Codes/ProjectAltair-Recruitment/Week 3/ROS/install/Task1/lib/python3.12/site-packages/Task1
byte-compiling /home/hasanakhiar/Codes/ProjectAltair-Recruitment/Week 3/ROS/install/Task1/lib/python3.12/site-packages/Task1/subscriber.py to subscriber.cpython-312.pyc
byte-compiling /home/hasanakhiar/Codes/ProjectAltair-Recruitment/Week 3/ROS/install/Task1/lib/python3.12/site-packages/Task1/__init__.py to __init__.cpython-312.pyc
byte-compiling /home/hasanakhiar/Codes/ProjectAltair-Recruitment/Week 3/ROS/install/Task1/lib/python3.12/site-packages/Task1/publisher.py to publisher.cpython-312.pyc
running install_data
creating /home/hasanakhiar/Codes/ProjectAltair-Recruitment/Week 3/ROS/install/Task1/share/ament_index
creating /home/hasanakhiar/Codes/ProjectAltair-Recruitment/Week 3/ROS/install/Task1/share/ament_index/resource_index
creating /home/hasanakhiar/Codes/ProjectAltair-Recruitment/Week 3/ROS/install/Task1/share/ament_index/resource_index/packages
copying resource/Task1 -> /home/hasanakhiar/Codes/ProjectAltair-Recruitment/Week 3/ROS/install/Task1/share/ament_index/resource_index/packages
copying package.xml -> /home/hasanakhiar/Codes/ProjectAltair-Recruitment/Week 3/ROS/install/Task1/share/Task1
running install_egg_info
Copying ../build/Task1/Task1.egg-info to /home/hasanakhiar/Codes/ProjectAltair-Recruitment/Week 3/ROS/install/Task1/lib/python3.12/site-packages/Task1-0.0.0-py3.12.egg-info
running install_scripts
Installing publisher script to /home/hasanakhiar/Codes/ProjectAltair-Recruitment/Week 3/ROS/install/Task1/lib/Task1
Installing subscriber script to /home/hasanakhiar/Codes/ProjectAltair-Recruitment/Week 3/ROS/install/Task1/lib/Task1
writing list of installed files to '/home/hasanakhiar/Codes/ProjectAltair-Recruitment/Week 3/ROS/build/Task1/install.log'
