[1.060s] Invoking command in '/home/hasanakhiar/Codes/ProjectAltair-Recruitment/Week 3/ROS/Task1': PYTHONPATH=/home/hasanakhiar/Codes/ProjectAltair-Recruitment/Week 3/ROS/build/Task1/prefix_override:/usr/lib/python3/dist-packages/colcon_core/task/python/colcon_distutils_commands:/home/hasanakhiar/Codes/ProjectAltair-Recruitment/Week 3/ROS/install/Task1/lib/python3.12/site-packages:${PYTHONPATH} /usr/bin/python3 -W ignore:setup.py install is deprecated -W ignore:easy_install command is deprecated setup.py egg_info --egg-base ../build/Task1 build --build-base /home/hasanakhiar/Codes/ProjectAltair-Recruitment/Week 3/ROS/build/Task1/build install --record /home/hasanakhiar/Codes/ProjectAltair-Recruitment/Week 3/ROS/build/Task1/install.log --single-version-externally-managed install_data
[1.388s] running egg_info
[1.389s] creating ../build/Task1/Task1.egg-info
[1.413s] writing ../build/Task1/Task1.egg-info/PKG-INFO
[1.413s] writing dependency_links to ../build/Task1/Task1.egg-info/dependency_links.txt
[1.414s] writing entry points to ../build/Task1/Task1.egg-info/entry_points.txt
[1.414s] writing requirements to ../build/Task1/Task1.egg-info/requires.txt
[1.414s] writing top-level names to ../build/Task1/Task1.egg-info/top_level.txt
[1.414s] writing manifest file '../build/Task1/Task1.egg-info/SOURCES.txt'
[1.465s] reading manifest file '../build/Task1/Task1.egg-info/SOURCES.txt'
[1.466s] writing manifest file '../build/Task1/Task1.egg-info/SOURCES.txt'
[1.466s] running build
[1.467s] running build_py
[1.467s] creating /home/hasanakhiar/Codes/ProjectAltair-Recruitment/Week 3/ROS/build/Task1/build
[1.467s] creating /home/hasanakhiar/Codes/ProjectAltair-Recruitment/Week 3/ROS/build/Task1/build/lib
[1.467s] creating /home/hasanakhiar/Codes/ProjectAltair-Recruitment/Week 3/ROS/build/Task1/build/lib/Task1
[1.467s] copying Task1/subscriber.py -> /home/hasanakhiar/Codes/ProjectAltair-Recruitment/Week 3/ROS/build/Task1/build/lib/Task1
[1.468s] copying Task1/__init__.py -> /home/hasanakhiar/Codes/ProjectAltair-Recruitment/Week 3/ROS/build/Task1/build/lib/Task1
[1.468s] copying Task1/publisher.py -> /home/hasanakhiar/Codes/ProjectAltair-Recruitment/Week 3/ROS/build/Task1/build/lib/Task1
[1.468s] running install
[1.474s] running install_lib
[1.500s] creating /home/hasanakhiar/Codes/ProjectAltair-Recruitment/Week 3/ROS/install/Task1/lib/python3.12/site-packages/Task1
[1.500s] copying /home/hasanakhiar/Codes/ProjectAltair-Recruitment/Week 3/ROS/build/Task1/build/lib/Task1/subscriber.py -> /home/hasanakhiar/Codes/ProjectAltair-Recruitment/Week 3/ROS/install/Task1/lib/python3.12/site-packages/Task1
[1.500s] copying /home/hasanakhiar/Codes/ProjectAltair-Recruitment/Week 3/ROS/build/Task1/build/lib/Task1/__init__.py -> /home/hasanakhiar/Codes/ProjectAltair-Recruitment/Week 3/ROS/install/Task1/lib/python3.12/site-packages/Task1
[1.501s] copying /home/hasanakhiar/Codes/ProjectAltair-Recruitment/Week 3/ROS/build/Task1/build/lib/Task1/publisher.py -> /home/hasanakhiar/Codes/ProjectAltair-Recruitment/Week 3/ROS/install/Task1/lib/python3.12/site-packages/Task1
[1.501s] byte-compiling /home/hasanakhiar/Codes/ProjectAltair-Recruitment/Week 3/ROS/install/Task1/lib/python3.12/site-packages/Task1/subscriber.py to subscriber.cpython-312.pyc
[1.501s] byte-compiling /home/hasanakhiar/Codes/ProjectAltair-Recruitment/Week 3/ROS/install/Task1/lib/python3.12/site-packages/Task1/__init__.py to __init__.cpython-312.pyc
[1.502s] byte-compiling /home/hasanakhiar/Codes/ProjectAltair-Recruitment/Week 3/ROS/install/Task1/lib/python3.12/site-packages/Task1/publisher.py to publisher.cpython-312.pyc
[1.502s] running install_data
[1.502s] creating /home/hasanakhiar/Codes/ProjectAltair-Recruitment/Week 3/ROS/install/Task1/share/ament_index
[1.503s] creating /home/hasanakhiar/Codes/ProjectAltair-Recruitment/Week 3/ROS/install/Task1/share/ament_index/resource_index
[1.503s] creating /home/hasanakhiar/Codes/ProjectAltair-Recruitment/Week 3/ROS/install/Task1/share/ament_index/resource_index/packages
[1.503s] copying resource/Task1 -> /home/hasanakhiar/Codes/ProjectAltair-Recruitment/Week 3/ROS/install/Task1/share/ament_index/resource_index/packages
[1.503s] copying package.xml -> /home/hasanakhiar/Codes/ProjectAltair-Recruitment/Week 3/ROS/install/Task1/share/Task1
[1.503s] running install_egg_info
[1.529s] Copying ../build/Task1/Task1.egg-info to /home/hasanakhiar/Codes/ProjectAltair-Recruitment/Week 3/ROS/install/Task1/lib/python3.12/site-packages/Task1-0.0.0-py3.12.egg-info
[1.530s] running install_scripts
[1.693s] Installing publisher script to /home/hasanakhiar/Codes/ProjectAltair-Recruitment/Week 3/ROS/install/Task1/lib/Task1
[1.693s] Installing subscriber script to /home/hasanakhiar/Codes/ProjectAltair-Recruitment/Week 3/ROS/install/Task1/lib/Task1
[1.693s] writing list of installed files to '/home/hasanakhiar/Codes/ProjectAltair-Recruitment/Week 3/ROS/build/Task1/install.log'
[1.732s] Invoked command in '/home/hasanakhiar/Codes/ProjectAltair-Recruitment/Week 3/ROS/Task1' returned '0': PYTHONPATH=/home/hasanakhiar/Codes/ProjectAltair-Recruitment/Week 3/ROS/build/Task1/prefix_override:/usr/lib/python3/dist-packages/colcon_core/task/python/colcon_distutils_commands:/home/hasanakhiar/Codes/ProjectAltair-Recruitment/Week 3/ROS/install/Task1/lib/python3.12/site-packages:${PYTHONPATH} /usr/bin/python3 -W ignore:setup.py install is deprecated -W ignore:easy_install command is deprecated setup.py egg_info --egg-base ../build/Task1 build --build-base /home/hasanakhiar/Codes/ProjectAltair-Recruitment/Week 3/ROS/build/Task1/build install --record /home/hasanakhiar/Codes/ProjectAltair-Recruitment/Week 3/ROS/build/Task1/install.log --single-version-externally-managed install_data
