running egg_info
writing ../../build/Task2/Task2.egg-info/PKG-INFO
writing dependency_links to ../../build/Task2/Task2.egg-info/dependency_links.txt
writing entry points to ../../build/Task2/Task2.egg-info/entry_points.txt
writing requirements to ../../build/Task2/Task2.egg-info/requires.txt
writing top-level names to ../../build/Task2/Task2.egg-info/top_level.txt
reading manifest file '../../build/Task2/Task2.egg-info/SOURCES.txt'
writing manifest file '../../build/Task2/Task2.egg-info/SOURCES.txt'
running build
running build_py
copying Task2/turtle_controller.py -> /home/hasanakhiar/Codes/ProjectAltair-Recruitment/Week 3/ROS/build/Task2/build/lib/Task2
running install
running install_lib
copying /home/hasanakhiar/Codes/ProjectAltair-Recruitment/Week 3/ROS/build/Task2/build/lib/Task2/turtle_controller.py -> /home/hasanakhiar/Codes/ProjectAltair-Recruitment/Week 3/ROS/install/Task2/lib/python3.12/site-packages/Task2
byte-compiling /home/hasanakhiar/Codes/ProjectAltair-Recruitment/Week 3/ROS/install/Task2/lib/python3.12/site-packages/Task2/turtle_controller.py to turtle_controller.cpython-312.pyc
running install_data
running install_egg_info
removing '/home/hasanakhiar/Codes/ProjectAltair-Recruitment/Week 3/ROS/install/Task2/lib/python3.12/site-packages/Task2-0.0.0-py3.12.egg-info' (and everything under it)
Copying ../../build/Task2/Task2.egg-info to /home/hasanakhiar/Codes/ProjectAltair-Recruitment/Week 3/ROS/install/Task2/lib/python3.12/site-packages/Task2-0.0.0-py3.12.egg-info
running install_scripts
Installing turtle_controller script to /home/hasanakhiar/Codes/ProjectAltair-Recruitment/Week 3/ROS/install/Task2/lib/Task2
writing list of installed files to '/home/hasanakhiar/Codes/ProjectAltair-Recruitment/Week 3/ROS/build/Task2/install.log'
