[1.108s] Invoking command in '/home/hasanakhiar/Codes/ProjectAltair-Recruitment/Week 3/ROS/src/Task5': PYTHONPATH=/home/hasanakhiar/Codes/ProjectAltair-Recruitment/Week 3/ROS/build/Task5/prefix_override:/usr/lib/python3/dist-packages/colcon_core/task/python/colcon_distutils_commands:/home/hasanakhiar/Codes/ProjectAltair-Recruitment/Week 3/ROS/install/Task5/lib/python3.12/site-packages:${PYTHONPATH} /usr/bin/python3 -W ignore:setup.py install is deprecated -W ignore:easy_install command is deprecated setup.py egg_info --egg-base ../../build/Task5 build --build-base /home/hasanakhiar/Codes/ProjectAltair-Recruitment/Week 3/ROS/build/Task5/build install --record /home/hasanakhiar/Codes/ProjectAltair-Recruitment/Week 3/ROS/build/Task5/install.log --single-version-externally-managed install_data
[1.483s] running egg_info
[1.483s] creating ../../build/Task5/Task5.egg-info
[1.512s] writing ../../build/Task5/Task5.egg-info/PKG-INFO
[1.513s] writing dependency_links to ../../build/Task5/Task5.egg-info/dependency_links.txt
[1.513s] writing requirements to ../../build/Task5/Task5.egg-info/requires.txt
[1.513s] writing top-level names to ../../build/Task5/Task5.egg-info/top_level.txt
[1.514s] writing manifest file '../../build/Task5/Task5.egg-info/SOURCES.txt'
[1.572s] reading manifest file '../../build/Task5/Task5.egg-info/SOURCES.txt'
[1.573s] writing manifest file '../../build/Task5/Task5.egg-info/SOURCES.txt'
[1.574s] running build
[1.574s] running build_py
[1.574s] creating /home/hasanakhiar/Codes/ProjectAltair-Recruitment/Week 3/ROS/build/Task5/build
[1.574s] creating /home/hasanakhiar/Codes/ProjectAltair-Recruitment/Week 3/ROS/build/Task5/build/lib
[1.575s] creating /home/hasanakhiar/Codes/ProjectAltair-Recruitment/Week 3/ROS/build/Task5/build/lib/Task5
[1.575s] copying Task5/__init__.py -> /home/hasanakhiar/Codes/ProjectAltair-Recruitment/Week 3/ROS/build/Task5/build/lib/Task5
[1.575s] running install
[1.582s] running install_lib
[1.612s] creating /home/hasanakhiar/Codes/ProjectAltair-Recruitment/Week 3/ROS/install/Task5/lib/python3.12/site-packages/Task5
[1.613s] copying /home/hasanakhiar/Codes/ProjectAltair-Recruitment/Week 3/ROS/build/Task5/build/lib/Task5/__init__.py -> /home/hasanakhiar/Codes/ProjectAltair-Recruitment/Week 3/ROS/install/Task5/lib/python3.12/site-packages/Task5
[1.613s] byte-compiling /home/hasanakhiar/Codes/ProjectAltair-Recruitment/Week 3/ROS/install/Task5/lib/python3.12/site-packages/Task5/__init__.py to __init__.cpython-312.pyc
[1.614s] running install_data
[1.614s] creating /home/hasanakhiar/Codes/ProjectAltair-Recruitment/Week 3/ROS/install/Task5/share/ament_index
[1.614s] creating /home/hasanakhiar/Codes/ProjectAltair-Recruitment/Week 3/ROS/install/Task5/share/ament_index/resource_index
[1.614s] creating /home/hasanakhiar/Codes/ProjectAltair-Recruitment/Week 3/ROS/install/Task5/share/ament_index/resource_index/packages
[1.615s] copying resource/Task5 -> /home/hasanakhiar/Codes/ProjectAltair-Recruitment/Week 3/ROS/install/Task5/share/ament_index/resource_index/packages
[1.615s] copying package.xml -> /home/hasanakhiar/Codes/ProjectAltair-Recruitment/Week 3/ROS/install/Task5/share/Task5
[1.616s] running install_egg_info
[1.645s] Copying ../../build/Task5/Task5.egg-info to /home/hasanakhiar/Codes/ProjectAltair-Recruitment/Week 3/ROS/install/Task5/lib/python3.12/site-packages/Task5-0.0.0-py3.12.egg-info
[1.646s] running install_scripts
[1.832s] writing list of installed files to '/home/hasanakhiar/Codes/ProjectAltair-Recruitment/Week 3/ROS/build/Task5/install.log'
[1.869s] Invoked command in '/home/hasanakhiar/Codes/ProjectAltair-Recruitment/Week 3/ROS/src/Task5' returned '0': PYTHONPATH=/home/hasanakhiar/Codes/ProjectAltair-Recruitment/Week 3/ROS/build/Task5/prefix_override:/usr/lib/python3/dist-packages/colcon_core/task/python/colcon_distutils_commands:/home/hasanakhiar/Codes/ProjectAltair-Recruitment/Week 3/ROS/install/Task5/lib/python3.12/site-packages:${PYTHONPATH} /usr/bin/python3 -W ignore:setup.py install is deprecated -W ignore:easy_install command is deprecated setup.py egg_info --egg-base ../../build/Task5 build --build-base /home/hasanakhiar/Codes/ProjectAltair-Recruitment/Week 3/ROS/build/Task5/build install --record /home/hasanakhiar/Codes/ProjectAltair-Recruitment/Week 3/ROS/build/Task5/install.log --single-version-externally-managed install_data
