[1.106s] Invoking command in '/home/hasanakhiar/Codes/ProjectAltair-Recruitment/Week 3/ROS/src/Task2': PYTHONPATH=/home/hasanakhiar/Codes/ProjectAltair-Recruitment/Week 3/ROS/build/Task2/prefix_override:/usr/lib/python3/dist-packages/colcon_core/task/python/colcon_distutils_commands:/home/hasanakhiar/Codes/ProjectAltair-Recruitment/Week 3/ROS/install/Task2/lib/python3.12/site-packages:${PYTHONPATH} /usr/bin/python3 -W ignore:setup.py install is deprecated -W ignore:easy_install command is deprecated setup.py egg_info --egg-base ../../build/Task2 build --build-base /home/hasanakhiar/Codes/ProjectAltair-Recruitment/Week 3/ROS/build/Task2/build install --record /home/hasanakhiar/Codes/ProjectAltair-Recruitment/Week 3/ROS/build/Task2/install.log --single-version-externally-managed install_data
[1.442s] running egg_info
[1.468s] writing ../../build/Task2/Task2.egg-info/PKG-INFO
[1.468s] writing dependency_links to ../../build/Task2/Task2.egg-info/dependency_links.txt
[1.468s] writing entry points to ../../build/Task2/Task2.egg-info/entry_points.txt
[1.468s] writing requirements to ../../build/Task2/Task2.egg-info/requires.txt
[1.469s] writing top-level names to ../../build/Task2/Task2.egg-info/top_level.txt
[1.522s] reading manifest file '../../build/Task2/Task2.egg-info/SOURCES.txt'
[1.523s] writing manifest file '../../build/Task2/Task2.egg-info/SOURCES.txt'
[1.525s] running build
[1.526s] running build_py
[1.527s] running install
[1.533s] running install_lib
[1.563s] running install_data
[1.564s] running install_egg_info
[1.585s] removing '/home/hasanakhiar/Codes/ProjectAltair-Recruitment/Week 3/ROS/install/Task2/lib/python3.12/site-packages/Task2-0.0.0-py3.12.egg-info' (and everything under it)
[1.586s] Copying ../../build/Task2/Task2.egg-info to /home/hasanakhiar/Codes/ProjectAltair-Recruitment/Week 3/ROS/install/Task2/lib/python3.12/site-packages/Task2-0.0.0-py3.12.egg-info
[1.587s] running install_scripts
[1.757s] Installing turtle_controller script to /home/hasanakhiar/Codes/ProjectAltair-Recruitment/Week 3/ROS/install/Task2/lib/Task2
[1.758s] writing list of installed files to '/home/hasanakhiar/Codes/ProjectAltair-Recruitment/Week 3/ROS/build/Task2/install.log'
[1.800s] Invoked command in '/home/hasanakhiar/Codes/ProjectAltair-Recruitment/Week 3/ROS/src/Task2' returned '0': PYTHONPATH=/home/hasanakhiar/Codes/ProjectAltair-Recruitment/Week 3/ROS/build/Task2/prefix_override:/usr/lib/python3/dist-packages/colcon_core/task/python/colcon_distutils_commands:/home/hasanakhiar/Codes/ProjectAltair-Recruitment/Week 3/ROS/install/Task2/lib/python3.12/site-packages:${PYTHONPATH} /usr/bin/python3 -W ignore:setup.py install is deprecated -W ignore:easy_install command is deprecated setup.py egg_info --egg-base ../../build/Task2 build --build-base /home/hasanakhiar/Codes/ProjectAltair-Recruitment/Week 3/ROS/build/Task2/build install --record /home/hasanakhiar/Codes/ProjectAltair-Recruitment/Week 3/ROS/build/Task2/install.log --single-version-externally-managed install_data
